Loading mkl version 2022.2.1
Loading tbb version 2021.7.1
Loading compiler-rt version 2022.2.1

libgomp: Invalid value for environment variable OMP_PLACES

libgomp: Invalid value for environment variable OMP_PLACES

libgomp: Invalid value for environment variable OMP_PLACES

libgomp: Invalid value for environment variable OMP_PLACES

libgomp: Invalid value for environment variable OMP_PLACES

libgomp: Invalid value for environment variable OMP_PLACES

libgomp: Invalid value for environment variable OMP_PLACES

libgomp: Invalid value for environment variable OMP_PLACES

libgomp: Invalid value for environment variable OMP_PLACES

libgomp: Invalid value for environment variable OMP_PLACES

libgomp: Invalid value for environment variable OMP_PLACES

libgomp: Invalid value for environment variable OMP_PLACES

libgomp: Invalid value for environment variable OMP_PLACES

libgomp: Invalid value for environment variable OMP_PLACES

libgomp: Invalid value for environment variable OMP_PLACES

libgomp: Invalid value for environment variable OMP_PLACES

libgomp: Invalid value for environment variable OMP_PLACES

libgomp: Invalid value for environment variable OMP_PLACES

libgomp: Invalid value for environment variable OMP_PLACES

libgomp: Invalid value for environment variable OMP_PLACES

libgomp: Invalid value for environment variable OMP_PLACES

libgomp: Invalid value for environment variable OMP_PLACES

libgomp: Invalid value for environment variable OMP_PLACES

libgomp: Invalid value for environment variable OMP_PLACES

libgomp: Invalid value for environment variable OMP_PLACES

libgomp: Invalid value for environment variable OMP_PLACES

libgomp: Invalid value for environment variable OMP_PLACES

libgomp: Invalid value for environment variable OMP_PLACES

libgomp: Invalid value for environment variable OMP_PLACES

libgomp: Invalid value for environment variable OMP_PLACES

libgomp: Invalid value for environment variable OMP_PLACES

libgomp: Invalid value for environment variable OMP_PLACES

libgomp: Invalid value for environment variable OMP_PLACES

libgomp: Invalid value for environment variable OMP_PLACES

libgomp: Invalid value for environment variable OMP_PLACES

libgomp: Invalid value for environment variable OMP_PLACES

libgomp: Invalid value for environment variable OMP_PLACES

libgomp: Invalid value for environment variable OMP_PLACES

libgomp: Invalid value for environment variable OMP_PLACES

libgomp: Invalid value for environment variable OMP_PLACES

libgomp: Invalid value for environment variable OMP_PLACES

libgomp: Invalid value for environment variable OMP_PLACES

libgomp: Invalid value for environment variable OMP_PLACES

libgomp: Invalid value for environment variable OMP_PLACES

libgomp: Invalid value for environment variable OMP_PLACES

libgomp: Invalid value for environment variable OMP_PLACES

libgomp: Invalid value for environment variable OMP_PLACES

libgomp: Invalid value for environment variable OMP_PLACES

libgomp: Invalid value for environment variable OMP_PLACES

libgomp: Invalid value for environment variable OMP_PLACES

libgomp: Invalid value for environment variable OMP_PLACES

libgomp: Invalid value for environment variable OMP_PLACES
slurmstepd: error: *** JOB 2868 ON epyc008 CANCELLED AT 2023-03-01T17:42:01 ***
