Removing tbb version 2021.7.1
Use `module list` to view any remaining dependent modules.
Removing compiler-rt version 2022.2.1
Use `module list` to view any remaining dependent modules.
Removing mkl version 2022.2.1
Use `module list` to view any remaining dependent modules.
Loading tbb version 2021.7.1
Loading compiler-rt version 2022.2.1
Loading mkl version 2022.2.1
Removing mkl version 2022.2.1
Use `module list` to view any remaining dependent modules.
Loading mkl version 2022.2.1
2000x2000x2000	0.062272 s	256.937060 GFLOPS
2000x2000x2000	0.061209 s	261.398763 GFLOPS
2000x2000x2000	0.061785 s	258.963780 GFLOPS
4000x4000x4000	0.330052 s	387.817421 GFLOPS
4000x4000x4000	0.330150 s	387.703076 GFLOPS
4000x4000x4000	0.331236 s	386.431044 GFLOPS
6000x6000x6000	1.011905 s	426.917582 GFLOPS
6000x6000x6000	0.978484 s	441.499363 GFLOPS
6000x6000x6000	1.017056 s	424.755197 GFLOPS
8000x8000x8000	1.992165 s	514.013591 GFLOPS
8000x8000x8000	2.003706 s	511.053096 GFLOPS
8000x8000x8000	2.002455 s	511.372303 GFLOPS
10000x10000x10000	3.334911 s	599.716119 GFLOPS
10000x10000x10000	3.371749 s	593.163915 GFLOPS
10000x10000x10000	3.268437 s	611.913273 GFLOPS
12000x12000x12000	4.640202 s	744.795160 GFLOPS
12000x12000x12000	4.601119 s	751.121659 GFLOPS
12000x12000x12000	3.135178 s	1102.329765 GFLOPS
14000x14000x14000	7.618155 s	720.384358 GFLOPS
14000x14000x14000	7.662039 s	716.258460 GFLOPS
14000x14000x14000	7.369632 s	744.677617 GFLOPS
16000x16000x16000	7.608780 s	1076.650972 GFLOPS
16000x16000x16000	7.614452 s	1075.848894 GFLOPS
16000x16000x16000	7.600724 s	1077.792010 GFLOPS
18000x18000x18000	15.002336 s	777.478945 GFLOPS
18000x18000x18000	15.072378 s	773.865962 GFLOPS
18000x18000x18000	14.925361 s	781.488658 GFLOPS
20000x20000x20000	17.711727 s	903.356270 GFLOPS
20000x20000x20000	15.745951 s	1016.134246 GFLOPS
20000x20000x20000	16.831978 s	950.571605 GFLOPS
